# JRE version: OpenJDK Runtime Environment Microsoft-8035246 (17.0.8+7) (build 17.0.8+7-LTS)
# Java VM: OpenJDK 64-Bit Server VM Microsoft-8035246 (17.0.8+7-LTS, mixed mode, sharing, tiered, compressed oops, compressed class ptrs, g1 gc, windows-amd64)
GC Precious Log:
 CPUs: 4 total, 4 available
 Memory: 16070M
 Large Page Support: Disabled
 NUMA Support: Disabled
 Compressed Oops: Enabled (32-bit)
 Heap Region Size: 1M
 Heap Min Capacity: 8M
 Heap Initial Capacity: 252M
 Heap Max Capacity: 2G
 Pre-touch: Disabled
 Parallel Workers: 4
 Concurrent Workers: 1
 Concurrent Refinement Workers: 4
 Periodic GC: Disabled
Heap:
 garbage-first heap   total 468992K, used 327087K [0x0000000080000000, 0x0000000100000000)
  region size 1024K, 96 young (98304K), 7 survivors (7168K)
 Metaspace       used 109640K, committed 110912K, reserved 557056K
  class space    used 15312K, committed 15936K, reserved 425984K
GC Heap History (20 events):
Event: 34.514 GC heap before
{Heap before GC invocations=37 (full 0):
 garbage-first heap   total 220160K, used 179315K [0x0000000080000000, 0x0000000100000000)
  region size 1024K, 48 young (49152K), 2 survivors (2048K)
 Metaspace       used 94669K, committed 95616K, reserved 557056K
  class space    used 13341K, committed 13824K, reserved 425984K
}
Event: 34.526 GC heap after
{Heap after GC invocations=38 (full 0):
 garbage-first heap   total 220160K, used 141822K [0x0000000080000000, 0x0000000100000000)
  region size 1024K, 6 young (6144K), 6 survivors (6144K)
 Metaspace       used 94669K, committed 95616K, reserved 557056K
  class space    used 13341K, committed 13824K, reserved 425984K
}
Event: 35.138 GC heap before
{Heap before GC invocations=39 (full 0):
 garbage-first heap   total 268288K, used 178686K [0x0000000080000000, 0x0000000100000000)
  region size 1024K, 39 young (39936K), 6 survivors (6144K)
 Metaspace       used 95236K, committed 96192K, reserved 557056K
  class space    used 13448K, committed 13888K, reserved 425984K
}
Event: 35.155 GC heap after
{Heap after GC invocations=40 (full 0):
 garbage-first heap   total 322560K, used 153969K [0x0000000080000000, 0x0000000100000000)
  region size 1024K, 5 young (5120K), 5 survivors (5120K)
 Metaspace       used 95236K, committed 96192K, reserved 557056K
  class space    used 13448K, committed 13888K, reserved 425984K
}
Event: 35.236 GC heap before
{Heap before GC invocations=40 (full 0):
 garbage-first heap   total 322560K, used 164209K [0x0000000080000000, 0x0000000100000000)
  region size 1024K, 15 young (15360K), 5 survivors (5120K)
 Metaspace       used 95396K, committed 96384K, reserved 557056K
  class space    used 13472K, committed 13952K, reserved 425984K
}
Event: 35.246 GC heap after
{Heap after GC invocations=41 (full 0):
 garbage-first heap   total 322560K, used 151289K [0x0000000080000000, 0x0000000100000000)
  region size 1024K, 1 young (1024K), 1 survivors (1024K)
 Metaspace       used 95396K, committed 96384K, reserved 557056K
  class space    used 13472K, committed 13952K, reserved 425984K
}
Event: 36.450 GC heap before
{Heap before GC invocations=41 (full 0):
 garbage-first heap   total 322560K, used 239353K [0x0000000080000000, 0x0000000100000000)
  region size 1024K, 87 young (89088K), 1 survivors (1024K)
 Metaspace       used 100137K, committed 101120K, reserved 557056K
  class space    used 14137K, committed 14592K, reserved 425984K
}
Event: 36.464 GC heap after
{Heap after GC invocations=42 (full 0):
 garbage-first heap   total 322560K, used 156217K [0x0000000080000000, 0x0000000100000000)
  region size 1024K, 6 young (6144K), 6 survivors (6144K)
 Metaspace       used 100137K, committed 101120K, reserved 557056K
  class space    used 14137K, committed 14592K, reserved 425984K
}
Event: 37.353 GC heap before
{Heap before GC invocations=42 (full 0):
 garbage-first heap   total 322560K, used 246329K [0x0000000080000000, 0x0000000100000000)
  region size 1024K, 94 young (96256K), 6 survivors (6144K)
 Metaspace       used 102196K, committed 103232K, reserved 557056K
  class space    used 14389K, committed 14912K, reserved 425984K
}
Event: 37.375 GC heap after
{Heap after GC invocations=43 (full 0):
 garbage-first heap   total 322560K, used 168080K [0x0000000080000000, 0x0000000100000000)
  region size 1024K, 12 young (12288K), 12 survivors (12288K)
 Metaspace       used 102196K, committed 103232K, reserved 557056K
  class space    used 14389K, committed 14912K, reserved 425984K
}
Event: 38.417 GC heap before
{Heap before GC invocations=43 (full 0):
 garbage-first heap   total 322560K, used 252048K [0x0000000080000000, 0x0000000100000000)
  region size 1024K, 93 young (95232K), 12 survivors (12288K)
 Metaspace       used 102712K, committed 103808K, reserved 557056K
  class space    used 14437K, committed 14976K, reserved 425984K
}
Event: 38.448 GC heap after
{Heap after GC invocations=44 (full 0):
 garbage-first heap   total 322560K, used 185263K [0x0000000080000000, 0x0000000100000000)
  region size 1024K, 12 young (12288K), 12 survivors (12288K)
 Metaspace       used 102712K, committed 103808K, reserved 557056K
  class space    used 14437K, committed 14976K, reserved 425984K
}
Event: 39.726 GC heap before
{Heap before GC invocations=44 (full 0):
 garbage-first heap   total 322560K, used 258991K [0x0000000080000000, 0x0000000100000000)
  region size 1024K, 81 young (82944K), 12 survivors (12288K)
 Metaspace       used 103247K, committed 104384K, reserved 557056K
  class space    used 14494K, committed 15040K, reserved 425984K
}
Event: 39.758 GC heap after
{Heap after GC invocations=45 (full 0):
 garbage-first heap   total 468992K, used 202159K [0x0000000080000000, 0x0000000100000000)
  region size 1024K, 11 young (11264K), 11 survivors (11264K)
 Metaspace       used 103247K, committed 104384K, reserved 557056K
  class space    used 14494K, committed 15040K, reserved 425984K
}
Event: 41.966 GC heap before
{Heap before GC invocations=45 (full 0):
 garbage-first heap   total 468992K, used 335279K [0x0000000080000000, 0x0000000100000000)
  region size 1024K, 139 young (142336K), 11 survivors (11264K)
 Metaspace       used 108481K, committed 109696K, reserved 557056K
  class space    used 15201K, committed 15808K, reserved 425984K
}
Event: 42.005 GC heap after
{Heap after GC invocations=46 (full 0):
 garbage-first heap   total 468992K, used 220073K [0x0000000080000000, 0x0000000100000000)
  region size 1024K, 16 young (16384K), 16 survivors (16384K)
 Metaspace       used 108481K, committed 109696K, reserved 557056K
  class space    used 15201K, committed 15808K, reserved 425984K
}
Event: 43.450 GC heap before
{Heap before GC invocations=46 (full 0):
 garbage-first heap   total 468992K, used 346025K [0x0000000080000000, 0x0000000100000000)
  region size 1024K, 140 young (143360K), 16 survivors (16384K)
 Metaspace       used 109253K, committed 110464K, reserved 557056K
  class space    used 15266K, committed 15872K, reserved 425984K
}
Event: 43.493 GC heap after
{Heap after GC invocations=47 (full 0):
 garbage-first heap   total 468992K, used 232367K [0x0000000080000000, 0x0000000100000000)
  region size 1024K, 13 young (13312K), 13 survivors (13312K)
 Metaspace       used 109253K, committed 110464K, reserved 557056K
  class space    used 15266K, committed 15872K, reserved 425984K
}
Event: 44.723 GC heap before
{Heap before GC invocations=47 (full 0):
 garbage-first heap   total 468992K, used 358319K [0x0000000080000000, 0x0000000100000000)
  region size 1024K, 136 young (139264K), 13 survivors (13312K)
 Metaspace       used 109640K, committed 110912K, reserved 557056K
  class space    used 15312K, committed 15936K, reserved 425984K
}
Event: 44.751 GC heap after
{Heap after GC invocations=48 (full 0):
 garbage-first heap   total 468992K, used 236975K [0x0000000080000000, 0x0000000100000000)
  region size 1024K, 7 young (7168K), 7 survivors (7168K)
 Metaspace       used 109640K, committed 110912K, reserved 557056K
  class space    used 15312K, committed 15936K, reserved 425984K
}

